29-07-2020 15:26:46.381 [restartedMain] INFO  c.h.p.p.ProductinfoApplication.logStarting - Starting ProductinfoApplication on Raj with PID 5664 (C:\Users\Rajesh R\Desktop\ProductInfo Feature1\ProductInfo\target\classes started by Rajesh R in C:\Users\Rajesh R\Desktop\ProductInfo Feature1\ProductInfo)
29-07-2020 15:26:46.390 [restartedMain] DEBUG c.h.p.p.ProductinfoApplication.logStarting - Running with Spring Boot v2.3.2.RELEASE, Spring v5.2.8.RELEASE
29-07-2020 15:26:46.394 [restartedMain] INFO  c.h.p.p.ProductinfoApplication.logStartupProfileInfo - No active profile set, falling back to default profiles: default
29-07-2020 15:28:27.255 [restartedMain] INFO  c.h.p.p.ProductinfoApplication.logStarting - Starting ProductinfoApplication on Raj with PID 10304 (C:\Users\Rajesh R\Desktop\ProductInfo Feature1\ProductInfo\target\classes started by Rajesh R in C:\Users\Rajesh R\Desktop\ProductInfo Feature1\ProductInfo)
29-07-2020 15:28:27.263 [restartedMain] DEBUG c.h.p.p.ProductinfoApplication.logStarting - Running with Spring Boot v2.3.2.RELEASE, Spring v5.2.8.RELEASE
29-07-2020 15:28:27.264 [restartedMain] INFO  c.h.p.p.ProductinfoApplication.logStartupProfileInfo - No active profile set, falling back to default profiles: default
29-07-2020 15:29:05.774 [restartedMain] INFO  c.h.p.p.ProductinfoApplication.logStarted - Started ProductinfoApplication in 40.516 seconds (JVM running for 43.644)
29-07-2020 15:53:01.879 [restartedMain] INFO  c.h.p.p.ProductinfoApplication.logStarting - Starting ProductinfoApplication on Raj with PID 10304 (C:\Users\Rajesh R\Desktop\ProductInfo Feature1\ProductInfo\target\classes started by Rajesh R in C:\Users\Rajesh R\Desktop\ProductInfo Feature1\ProductInfo)
29-07-2020 15:53:01.881 [restartedMain] DEBUG c.h.p.p.ProductinfoApplication.logStarting - Running with Spring Boot v2.3.2.RELEASE, Spring v5.2.8.RELEASE
29-07-2020 15:53:01.884 [restartedMain] INFO  c.h.p.p.ProductinfoApplication.logStartupProfileInfo - No active profile set, falling back to default profiles: default
29-07-2020 15:53:06.501 [restartedMain] INFO  c.h.p.p.ProductinfoApplication.logStarted - Started ProductinfoApplication in 4.787 seconds (JVM running for 1484.371)
29-07-2020 16:09:26.920 [restartedMain] INFO  c.h.p.p.ProductinfoApplication.logStarting - Starting ProductinfoApplication on Raj with PID 10304 (C:\Users\Rajesh R\Desktop\ProductInfo Feature1\ProductInfo\target\classes started by Rajesh R in C:\Users\Rajesh R\Desktop\ProductInfo Feature1\ProductInfo)
29-07-2020 16:09:26.922 [restartedMain] DEBUG c.h.p.p.ProductinfoApplication.logStarting - Running with Spring Boot v2.3.2.RELEASE, Spring v5.2.8.RELEASE
29-07-2020 16:09:26.924 [restartedMain] INFO  c.h.p.p.ProductinfoApplication.logStartupProfileInfo - No active profile set, falling back to default profiles: default
29-07-2020 16:09:31.226 [restartedMain] INFO  c.h.p.p.ProductinfoApplication.logStarted - Started ProductinfoApplication in 4.461 seconds (JVM running for 2469.096)
29-07-2020 16:15:52.860 [restartedMain] INFO  c.h.p.p.ProductinfoApplication.logStarting - Starting ProductinfoApplication on Raj with PID 10304 (C:\Users\Rajesh R\Desktop\ProductInfo Feature1\ProductInfo\target\classes started by Rajesh R in C:\Users\Rajesh R\Desktop\ProductInfo Feature1\ProductInfo)
29-07-2020 16:15:52.862 [restartedMain] DEBUG c.h.p.p.ProductinfoApplication.logStarting - Running with Spring Boot v2.3.2.RELEASE, Spring v5.2.8.RELEASE
29-07-2020 16:15:52.864 [restartedMain] INFO  c.h.p.p.ProductinfoApplication.logStartupProfileInfo - No active profile set, falling back to default profiles: default
29-07-2020 16:15:56.837 [restartedMain] INFO  c.h.p.p.ProductinfoApplication.logStarted - Started ProductinfoApplication in 4.133 seconds (JVM running for 2854.707)
29-07-2020 16:23:24.548 [restartedMain] INFO  c.h.p.p.ProductinfoApplication.logStarting - Starting ProductinfoApplication on Raj with PID 10304 (C:\Users\Rajesh R\Desktop\ProductInfo Feature1\ProductInfo\target\classes started by Rajesh R in C:\Users\Rajesh R\Desktop\ProductInfo Feature1\ProductInfo)
29-07-2020 16:23:24.549 [restartedMain] DEBUG c.h.p.p.ProductinfoApplication.logStarting - Running with Spring Boot v2.3.2.RELEASE, Spring v5.2.8.RELEASE
29-07-2020 16:23:24.550 [restartedMain] INFO  c.h.p.p.ProductinfoApplication.logStartupProfileInfo - No active profile set, falling back to default profiles: default
29-07-2020 16:23:29.483 [restartedMain] INFO  c.h.p.p.ProductinfoApplication.logStarted - Started ProductinfoApplication in 5.049 seconds (JVM running for 3307.353)
29-07-2020 16:23:41.645 [restartedMain] INFO  c.h.p.p.ProductinfoApplication.logStarting - Starting ProductinfoApplication on Raj with PID 10304 (C:\Users\Rajesh R\Desktop\ProductInfo Feature1\ProductInfo\target\classes started by Rajesh R in C:\Users\Rajesh R\Desktop\ProductInfo Feature1\ProductInfo)
29-07-2020 16:23:41.647 [restartedMain] DEBUG c.h.p.p.ProductinfoApplication.logStarting - Running with Spring Boot v2.3.2.RELEASE, Spring v5.2.8.RELEASE
29-07-2020 16:23:41.649 [restartedMain] INFO  c.h.p.p.ProductinfoApplication.logStartupProfileInfo - No active profile set, falling back to default profiles: default
29-07-2020 16:23:45.039 [restartedMain] INFO  c.h.p.p.ProductinfoApplication.logStarted - Started ProductinfoApplication in 3.539 seconds (JVM running for 3322.909)
29-07-2020 16:24:32.214 [restartedMain] INFO  c.h.p.p.ProductinfoApplication.logStarting - Starting ProductinfoApplication on Raj with PID 10304 (C:\Users\Rajesh R\Desktop\ProductInfo Feature1\ProductInfo\target\classes started by Rajesh R in C:\Users\Rajesh R\Desktop\ProductInfo Feature1\ProductInfo)
29-07-2020 16:24:32.215 [restartedMain] DEBUG c.h.p.p.ProductinfoApplication.logStarting - Running with Spring Boot v2.3.2.RELEASE, Spring v5.2.8.RELEASE
29-07-2020 16:24:32.216 [restartedMain] INFO  c.h.p.p.ProductinfoApplication.logStartupProfileInfo - No active profile set, falling back to default profiles: default
29-07-2020 16:24:35.167 [restartedMain] INFO  c.h.p.p.ProductinfoApplication.logStarted - Started ProductinfoApplication in 3.057 seconds (JVM running for 3373.037)
29-07-2020 16:28:08.175 [restartedMain] INFO  c.h.p.p.ProductinfoApplication.logStarting - Starting ProductinfoApplication on Raj with PID 10304 (C:\Users\Rajesh R\Desktop\ProductInfo Feature1\ProductInfo\target\classes started by Rajesh R in C:\Users\Rajesh R\Desktop\ProductInfo Feature1\ProductInfo)
29-07-2020 16:28:08.176 [restartedMain] DEBUG c.h.p.p.ProductinfoApplication.logStarting - Running with Spring Boot v2.3.2.RELEASE, Spring v5.2.8.RELEASE
29-07-2020 16:28:08.176 [restartedMain] INFO  c.h.p.p.ProductinfoApplication.logStartupProfileInfo - No active profile set, falling back to default profiles: default
29-07-2020 16:28:10.577 [restartedMain] INFO  c.h.p.p.ProductinfoApplication.logStarted - Started ProductinfoApplication in 2.519 seconds (JVM running for 3588.447)
29-07-2020 16:38:39.286 [restartedMain] INFO  c.h.p.p.ProductinfoApplication.logStarting - Starting ProductinfoApplication on Raj with PID 10304 (C:\Users\Rajesh R\Desktop\ProductInfo Feature1\ProductInfo\target\classes started by Rajesh R in C:\Users\Rajesh R\Desktop\ProductInfo Feature1\ProductInfo)
29-07-2020 16:38:39.296 [restartedMain] DEBUG c.h.p.p.ProductinfoApplication.logStarting - Running with Spring Boot v2.3.2.RELEASE, Spring v5.2.8.RELEASE
29-07-2020 16:38:39.297 [restartedMain] INFO  c.h.p.p.ProductinfoApplication.logStartupProfileInfo - No active profile set, falling back to default profiles: default
29-07-2020 16:38:42.527 [restartedMain] INFO  c.h.p.p.ProductinfoApplication.logStarted - Started ProductinfoApplication in 3.368 seconds (JVM running for 4220.397)
29-07-2020 16:39:00.984 [restartedMain] INFO  c.h.p.p.ProductinfoApplication.logStarting - Starting ProductinfoApplication on Raj with PID 10304 (C:\Users\Rajesh R\Desktop\ProductInfo Feature1\ProductInfo\target\classes started by Rajesh R in C:\Users\Rajesh R\Desktop\ProductInfo Feature1\ProductInfo)
29-07-2020 16:39:00.985 [restartedMain] DEBUG c.h.p.p.ProductinfoApplication.logStarting - Running with Spring Boot v2.3.2.RELEASE, Spring v5.2.8.RELEASE
29-07-2020 16:39:00.986 [restartedMain] INFO  c.h.p.p.ProductinfoApplication.logStartupProfileInfo - No active profile set, falling back to default profiles: default
29-07-2020 16:39:04.470 [restartedMain] INFO  c.h.p.p.ProductinfoApplication.logStarted - Started ProductinfoApplication in 3.599 seconds (JVM running for 4242.339)
29-07-2020 16:39:27.871 [restartedMain] INFO  c.h.p.p.ProductinfoApplication.logStarting - Starting ProductinfoApplication on Raj with PID 10304 (C:\Users\Rajesh R\Desktop\ProductInfo Feature1\ProductInfo\target\classes started by Rajesh R in C:\Users\Rajesh R\Desktop\ProductInfo Feature1\ProductInfo)
29-07-2020 16:39:27.873 [restartedMain] DEBUG c.h.p.p.ProductinfoApplication.logStarting - Running with Spring Boot v2.3.2.RELEASE, Spring v5.2.8.RELEASE
29-07-2020 16:39:27.873 [restartedMain] INFO  c.h.p.p.ProductinfoApplication.logStartupProfileInfo - No active profile set, falling back to default profiles: default
29-07-2020 16:39:31.149 [restartedMain] INFO  c.h.p.p.ProductinfoApplication.logStarted - Started ProductinfoApplication in 3.367 seconds (JVM running for 4269.019)
29-07-2020 16:39:37.221 [restartedMain] INFO  c.h.p.p.ProductinfoApplication.logStarting - Starting ProductinfoApplication on Raj with PID 10304 (C:\Users\Rajesh R\Desktop\ProductInfo Feature1\ProductInfo\target\classes started by Rajesh R in C:\Users\Rajesh R\Desktop\ProductInfo Feature1\ProductInfo)
29-07-2020 16:39:37.222 [restartedMain] DEBUG c.h.p.p.ProductinfoApplication.logStarting - Running with Spring Boot v2.3.2.RELEASE, Spring v5.2.8.RELEASE
29-07-2020 16:39:37.222 [restartedMain] INFO  c.h.p.p.ProductinfoApplication.logStartupProfileInfo - No active profile set, falling back to default profiles: default
29-07-2020 16:39:40.988 [restartedMain] INFO  c.h.p.p.ProductinfoApplication.logStarted - Started ProductinfoApplication in 3.861 seconds (JVM running for 4278.858)
29-07-2020 16:41:09.485 [restartedMain] INFO  c.h.p.p.ProductinfoApplication.logStarting - Starting ProductinfoApplication on Raj with PID 10304 (C:\Users\Rajesh R\Desktop\ProductInfo Feature1\ProductInfo\target\classes started by Rajesh R in C:\Users\Rajesh R\Desktop\ProductInfo Feature1\ProductInfo)
29-07-2020 16:41:09.487 [restartedMain] DEBUG c.h.p.p.ProductinfoApplication.logStarting - Running with Spring Boot v2.3.2.RELEASE, Spring v5.2.8.RELEASE
29-07-2020 16:41:09.488 [restartedMain] INFO  c.h.p.p.ProductinfoApplication.logStartupProfileInfo - No active profile set, falling back to default profiles: default
29-07-2020 16:41:12.369 [restartedMain] INFO  c.h.p.p.ProductinfoApplication.logStarted - Started ProductinfoApplication in 3.023 seconds (JVM running for 4370.238)
29-07-2020 16:41:34.996 [restartedMain] INFO  c.h.p.p.ProductinfoApplication.logStarting - Starting ProductinfoApplication on Raj with PID 10304 (C:\Users\Rajesh R\Desktop\ProductInfo Feature1\ProductInfo\target\classes started by Rajesh R in C:\Users\Rajesh R\Desktop\ProductInfo Feature1\ProductInfo)
29-07-2020 16:41:34.997 [restartedMain] DEBUG c.h.p.p.ProductinfoApplication.logStarting - Running with Spring Boot v2.3.2.RELEASE, Spring v5.2.8.RELEASE
29-07-2020 16:41:34.998 [restartedMain] INFO  c.h.p.p.ProductinfoApplication.logStartupProfileInfo - No active profile set, falling back to default profiles: default
29-07-2020 16:41:38.454 [restartedMain] INFO  c.h.p.p.ProductinfoApplication.logStarted - Started ProductinfoApplication in 3.548 seconds (JVM running for 4396.324)
29-07-2020 16:42:19.109 [http-nio-7778-exec-2] INFO  c.h.p.p.controller.ProductController.searchProduct - In ProductController searchProduct api : 
29-07-2020 16:42:19.113 [http-nio-7778-exec-2] INFO  c.h.p.p.service.ProductService.searchProduct - In ProductService searchProduct api : 
29-07-2020 16:42:50.035 [http-nio-7778-exec-3] INFO  c.h.p.p.controller.ProductController.searchProduct - In ProductController searchProduct api : 
29-07-2020 16:42:50.037 [http-nio-7778-exec-3] INFO  c.h.p.p.service.ProductService.searchProduct - In ProductService searchProduct api : 
29-07-2020 16:52:59.575 [restartedMain] INFO  c.h.p.p.ProductinfoApplication.logStarting - Starting ProductinfoApplication on Raj with PID 10304 (C:\Users\Rajesh R\Desktop\ProductInfo Feature1\ProductInfo\target\classes started by Rajesh R in C:\Users\Rajesh R\Desktop\ProductInfo Feature1\ProductInfo)
29-07-2020 16:52:59.576 [restartedMain] DEBUG c.h.p.p.ProductinfoApplication.logStarting - Running with Spring Boot v2.3.2.RELEASE, Spring v5.2.8.RELEASE
29-07-2020 16:52:59.577 [restartedMain] INFO  c.h.p.p.ProductinfoApplication.logStartupProfileInfo - No active profile set, falling back to default profiles: default
29-07-2020 16:53:04.850 [restartedMain] INFO  c.h.p.p.ProductinfoApplication.logStarted - Started ProductinfoApplication in 5.434 seconds (JVM running for 5082.719)
29-07-2020 16:53:40.431 [restartedMain] INFO  c.h.p.p.ProductinfoApplication.logStarting - Starting ProductinfoApplication on Raj with PID 10304 (C:\Users\Rajesh R\Desktop\ProductInfo Feature1\ProductInfo\target\classes started by Rajesh R in C:\Users\Rajesh R\Desktop\ProductInfo Feature1\ProductInfo)
29-07-2020 16:53:40.433 [restartedMain] DEBUG c.h.p.p.ProductinfoApplication.logStarting - Running with Spring Boot v2.3.2.RELEASE, Spring v5.2.8.RELEASE
29-07-2020 16:53:40.433 [restartedMain] INFO  c.h.p.p.ProductinfoApplication.logStartupProfileInfo - No active profile set, falling back to default profiles: default
29-07-2020 16:53:43.998 [restartedMain] INFO  c.h.p.p.ProductinfoApplication.logStarted - Started ProductinfoApplication in 3.711 seconds (JVM running for 5121.867)
29-07-2020 17:00:16.965 [restartedMain] INFO  c.h.p.p.ProductinfoApplication.logStarting - Starting ProductinfoApplication on Raj with PID 10304 (C:\Users\Rajesh R\Desktop\ProductInfo Feature1\ProductInfo\target\classes started by Rajesh R in C:\Users\Rajesh R\Desktop\ProductInfo Feature1\ProductInfo)
29-07-2020 17:00:16.966 [restartedMain] DEBUG c.h.p.p.ProductinfoApplication.logStarting - Running with Spring Boot v2.3.2.RELEASE, Spring v5.2.8.RELEASE
29-07-2020 17:00:16.967 [restartedMain] INFO  c.h.p.p.ProductinfoApplication.logStartupProfileInfo - No active profile set, falling back to default profiles: default
29-07-2020 17:00:20.061 [restartedMain] INFO  c.h.p.p.ProductinfoApplication.logStarted - Started ProductinfoApplication in 3.171 seconds (JVM running for 5517.931)
29-07-2020 17:02:05.353 [restartedMain] INFO  c.h.p.p.ProductinfoApplication.logStarting - Starting ProductinfoApplication on Raj with PID 10304 (C:\Users\Rajesh R\Desktop\ProductInfo Feature1\ProductInfo\target\classes started by Rajesh R in C:\Users\Rajesh R\Desktop\ProductInfo Feature1\ProductInfo)
29-07-2020 17:02:05.354 [restartedMain] DEBUG c.h.p.p.ProductinfoApplication.logStarting - Running with Spring Boot v2.3.2.RELEASE, Spring v5.2.8.RELEASE
29-07-2020 17:02:05.355 [restartedMain] INFO  c.h.p.p.ProductinfoApplication.logStartupProfileInfo - No active profile set, falling back to default profiles: default
29-07-2020 17:02:07.406 [restartedMain] INFO  c.h.p.p.ProductinfoApplication.logStarted - Started ProductinfoApplication in 2.155 seconds (JVM running for 5625.276)
29-07-2020 17:03:07.918 [restartedMain] INFO  c.h.p.p.ProductinfoApplication.logStarting - Starting ProductinfoApplication on Raj with PID 10304 (C:\Users\Rajesh R\Desktop\ProductInfo Feature1\ProductInfo\target\classes started by Rajesh R in C:\Users\Rajesh R\Desktop\ProductInfo Feature1\ProductInfo)
29-07-2020 17:03:07.920 [restartedMain] DEBUG c.h.p.p.ProductinfoApplication.logStarting - Running with Spring Boot v2.3.2.RELEASE, Spring v5.2.8.RELEASE
29-07-2020 17:03:07.921 [restartedMain] INFO  c.h.p.p.ProductinfoApplication.logStartupProfileInfo - No active profile set, falling back to default profiles: default
29-07-2020 17:03:10.949 [restartedMain] INFO  c.h.p.p.ProductinfoApplication.logStarted - Started ProductinfoApplication in 3.172 seconds (JVM running for 5688.819)
29-07-2020 17:03:42.035 [restartedMain] INFO  c.h.p.p.ProductinfoApplication.logStarting - Starting ProductinfoApplication on Raj with PID 10304 (C:\Users\Rajesh R\Desktop\ProductInfo Feature1\ProductInfo\target\classes started by Rajesh R in C:\Users\Rajesh R\Desktop\ProductInfo Feature1\ProductInfo)
29-07-2020 17:03:42.036 [restartedMain] DEBUG c.h.p.p.ProductinfoApplication.logStarting - Running with Spring Boot v2.3.2.RELEASE, Spring v5.2.8.RELEASE
29-07-2020 17:03:42.037 [restartedMain] INFO  c.h.p.p.ProductinfoApplication.logStartupProfileInfo - No active profile set, falling back to default profiles: default
29-07-2020 17:03:45.039 [restartedMain] INFO  c.h.p.p.ProductinfoApplication.logStarted - Started ProductinfoApplication in 3.083 seconds (JVM running for 5722.908)
29-07-2020 17:06:59.984 [restartedMain] INFO  c.h.p.p.ProductinfoApplication.logStarting - Starting ProductinfoApplication on Raj with PID 10304 (C:\Users\Rajesh R\Desktop\ProductInfo Feature1\ProductInfo\target\classes started by Rajesh R in C:\Users\Rajesh R\Desktop\ProductInfo Feature1\ProductInfo)
29-07-2020 17:06:59.985 [restartedMain] DEBUG c.h.p.p.ProductinfoApplication.logStarting - Running with Spring Boot v2.3.2.RELEASE, Spring v5.2.8.RELEASE
29-07-2020 17:06:59.985 [restartedMain] INFO  c.h.p.p.ProductinfoApplication.logStartupProfileInfo - No active profile set, falling back to default profiles: default
29-07-2020 17:07:03.033 [restartedMain] INFO  c.h.p.p.ProductinfoApplication.logStarted - Started ProductinfoApplication in 3.128 seconds (JVM running for 5920.903)
29-07-2020 17:07:15.569 [restartedMain] INFO  c.h.p.p.ProductinfoApplication.logStarting - Starting ProductinfoApplication on Raj with PID 10304 (C:\Users\Rajesh R\Desktop\ProductInfo Feature1\ProductInfo\target\classes started by Rajesh R in C:\Users\Rajesh R\Desktop\ProductInfo Feature1\ProductInfo)
29-07-2020 17:07:15.571 [restartedMain] DEBUG c.h.p.p.ProductinfoApplication.logStarting - Running with Spring Boot v2.3.2.RELEASE, Spring v5.2.8.RELEASE
29-07-2020 17:07:15.571 [restartedMain] INFO  c.h.p.p.ProductinfoApplication.logStartupProfileInfo - No active profile set, falling back to default profiles: default
29-07-2020 17:07:18.191 [restartedMain] INFO  c.h.p.p.ProductinfoApplication.logStarted - Started ProductinfoApplication in 2.709 seconds (JVM running for 5936.061)
29-07-2020 17:08:32.421 [restartedMain] INFO  c.h.p.p.ProductinfoApplication.logStarting - Starting ProductinfoApplication on Raj with PID 10304 (C:\Users\Rajesh R\Desktop\ProductInfo Feature1\ProductInfo\target\classes started by Rajesh R in C:\Users\Rajesh R\Desktop\ProductInfo Feature1\ProductInfo)
29-07-2020 17:08:32.422 [restartedMain] DEBUG c.h.p.p.ProductinfoApplication.logStarting - Running with Spring Boot v2.3.2.RELEASE, Spring v5.2.8.RELEASE
29-07-2020 17:08:32.423 [restartedMain] INFO  c.h.p.p.ProductinfoApplication.logStartupProfileInfo - No active profile set, falling back to default profiles: default
29-07-2020 17:08:35.242 [restartedMain] INFO  c.h.p.p.ProductinfoApplication.logStarted - Started ProductinfoApplication in 2.932 seconds (JVM running for 6013.111)
29-07-2020 17:08:52.394 [restartedMain] INFO  c.h.p.p.ProductinfoApplication.logStarting - Starting ProductinfoApplication on Raj with PID 10304 (C:\Users\Rajesh R\Desktop\ProductInfo Feature1\ProductInfo\target\classes started by Rajesh R in C:\Users\Rajesh R\Desktop\ProductInfo Feature1\ProductInfo)
29-07-2020 17:08:52.395 [restartedMain] DEBUG c.h.p.p.ProductinfoApplication.logStarting - Running with Spring Boot v2.3.2.RELEASE, Spring v5.2.8.RELEASE
29-07-2020 17:08:52.396 [restartedMain] INFO  c.h.p.p.ProductinfoApplication.logStartupProfileInfo - No active profile set, falling back to default profiles: default
29-07-2020 17:08:54.988 [restartedMain] INFO  c.h.p.p.ProductinfoApplication.logStarted - Started ProductinfoApplication in 2.671 seconds (JVM running for 6032.858)
29-07-2020 17:09:10.585 [restartedMain] INFO  c.h.p.p.ProductinfoApplication.logStarting - Starting ProductinfoApplication on Raj with PID 10304 (C:\Users\Rajesh R\Desktop\ProductInfo Feature1\ProductInfo\target\classes started by Rajesh R in C:\Users\Rajesh R\Desktop\ProductInfo Feature1\ProductInfo)
29-07-2020 17:09:10.587 [restartedMain] DEBUG c.h.p.p.ProductinfoApplication.logStarting - Running with Spring Boot v2.3.2.RELEASE, Spring v5.2.8.RELEASE
29-07-2020 17:09:10.588 [restartedMain] INFO  c.h.p.p.ProductinfoApplication.logStartupProfileInfo - No active profile set, falling back to default profiles: default
29-07-2020 17:09:13.653 [restartedMain] INFO  c.h.p.p.ProductinfoApplication.logStarted - Started ProductinfoApplication in 3.154 seconds (JVM running for 6051.523)
29-07-2020 17:09:23.036 [restartedMain] INFO  c.h.p.p.ProductinfoApplication.logStarting - Starting ProductinfoApplication on Raj with PID 10304 (C:\Users\Rajesh R\Desktop\ProductInfo Feature1\ProductInfo\target\classes started by Rajesh R in C:\Users\Rajesh R\Desktop\ProductInfo Feature1\ProductInfo)
29-07-2020 17:09:23.037 [restartedMain] DEBUG c.h.p.p.ProductinfoApplication.logStarting - Running with Spring Boot v2.3.2.RELEASE, Spring v5.2.8.RELEASE
29-07-2020 17:09:23.038 [restartedMain] INFO  c.h.p.p.ProductinfoApplication.logStartupProfileInfo - No active profile set, falling back to default profiles: default
29-07-2020 17:09:25.998 [restartedMain] INFO  c.h.p.p.ProductinfoApplication.logStarted - Started ProductinfoApplication in 3.056 seconds (JVM running for 6063.867)
29-07-2020 17:09:49.498 [http-nio-7778-exec-9] INFO  c.h.p.p.controller.ProductController.searchProduct - In ProductController searchProduct api : 
29-07-2020 17:09:49.501 [http-nio-7778-exec-9] INFO  c.h.p.p.service.ProductService.searchProduct - In ProductService searchProduct api : 
29-07-2020 17:09:58.683 [http-nio-7778-exec-3] INFO  c.h.p.p.controller.ProductController.searchProduct - In ProductController searchProduct api : 
29-07-2020 17:09:58.684 [http-nio-7778-exec-3] INFO  c.h.p.p.service.ProductService.searchProduct - In ProductService searchProduct api : 
29-07-2020 17:10:13.260 [http-nio-7778-exec-4] INFO  c.h.p.p.controller.ProductController.searchProduct - In ProductController searchProduct api : 
29-07-2020 17:10:13.262 [http-nio-7778-exec-4] INFO  c.h.p.p.service.ProductService.searchProduct - In ProductService searchProduct api : 
29-07-2020 17:10:33.999 [restartedMain] INFO  c.h.p.p.ProductinfoApplication.logStarting - Starting ProductinfoApplication on Raj with PID 10304 (C:\Users\Rajesh R\Desktop\ProductInfo Feature1\ProductInfo\target\classes started by Rajesh R in C:\Users\Rajesh R\Desktop\ProductInfo Feature1\ProductInfo)
29-07-2020 17:10:34.000 [restartedMain] DEBUG c.h.p.p.ProductinfoApplication.logStarting - Running with Spring Boot v2.3.2.RELEASE, Spring v5.2.8.RELEASE
29-07-2020 17:10:34.000 [restartedMain] INFO  c.h.p.p.ProductinfoApplication.logStartupProfileInfo - No active profile set, falling back to default profiles: default
29-07-2020 17:10:37.368 [restartedMain] INFO  c.h.p.p.ProductinfoApplication.logStarted - Started ProductinfoApplication in 3.459 seconds (JVM running for 6135.238)
29-07-2020 17:11:20.298 [restartedMain] INFO  c.h.p.p.ProductinfoApplication.logStarting - Starting ProductinfoApplication on Raj with PID 10304 (C:\Users\Rajesh R\Desktop\ProductInfo Feature1\ProductInfo\target\classes started by Rajesh R in C:\Users\Rajesh R\Desktop\ProductInfo Feature1\ProductInfo)
29-07-2020 17:11:20.299 [restartedMain] DEBUG c.h.p.p.ProductinfoApplication.logStarting - Running with Spring Boot v2.3.2.RELEASE, Spring v5.2.8.RELEASE
29-07-2020 17:11:20.300 [restartedMain] INFO  c.h.p.p.ProductinfoApplication.logStartupProfileInfo - No active profile set, falling back to default profiles: default
29-07-2020 17:11:23.665 [restartedMain] INFO  c.h.p.p.ProductinfoApplication.logStarted - Started ProductinfoApplication in 3.457 seconds (JVM running for 6181.535)
29-07-2020 17:15:02.222 [restartedMain] INFO  c.h.p.p.ProductinfoApplication.logStarting - Starting ProductinfoApplication on Raj with PID 10304 (C:\Users\Rajesh R\Desktop\ProductInfo Feature1\ProductInfo\target\classes started by Rajesh R in C:\Users\Rajesh R\Desktop\ProductInfo Feature1\ProductInfo)
29-07-2020 17:15:02.224 [restartedMain] DEBUG c.h.p.p.ProductinfoApplication.logStarting - Running with Spring Boot v2.3.2.RELEASE, Spring v5.2.8.RELEASE
29-07-2020 17:15:02.224 [restartedMain] INFO  c.h.p.p.ProductinfoApplication.logStartupProfileInfo - No active profile set, falling back to default profiles: default
29-07-2020 17:15:05.578 [restartedMain] INFO  c.h.p.p.ProductinfoApplication.logStarted - Started ProductinfoApplication in 3.432 seconds (JVM running for 6403.448)
29-07-2020 17:17:34.674 [restartedMain] INFO  c.h.p.p.ProductinfoApplication.logStarting - Starting ProductinfoApplication on Raj with PID 10304 (C:\Users\Rajesh R\Desktop\ProductInfo Feature1\ProductInfo\target\classes started by Rajesh R in C:\Users\Rajesh R\Desktop\ProductInfo Feature1\ProductInfo)
29-07-2020 17:17:34.676 [restartedMain] DEBUG c.h.p.p.ProductinfoApplication.logStarting - Running with Spring Boot v2.3.2.RELEASE, Spring v5.2.8.RELEASE
29-07-2020 17:17:34.677 [restartedMain] INFO  c.h.p.p.ProductinfoApplication.logStartupProfileInfo - No active profile set, falling back to default profiles: default
29-07-2020 17:17:37.819 [restartedMain] INFO  c.h.p.p.ProductinfoApplication.logStarted - Started ProductinfoApplication in 3.285 seconds (JVM running for 6555.689)
29-07-2020 17:18:05.570 [restartedMain] INFO  c.h.p.p.ProductinfoApplication.logStarting - Starting ProductinfoApplication on Raj with PID 10304 (C:\Users\Rajesh R\Desktop\ProductInfo Feature1\ProductInfo\target\classes started by Rajesh R in C:\Users\Rajesh R\Desktop\ProductInfo Feature1\ProductInfo)
29-07-2020 17:18:05.571 [restartedMain] DEBUG c.h.p.p.ProductinfoApplication.logStarting - Running with Spring Boot v2.3.2.RELEASE, Spring v5.2.8.RELEASE
29-07-2020 17:18:05.571 [restartedMain] INFO  c.h.p.p.ProductinfoApplication.logStartupProfileInfo - No active profile set, falling back to default profiles: default
29-07-2020 17:18:08.672 [restartedMain] INFO  c.h.p.p.ProductinfoApplication.logStarted - Started ProductinfoApplication in 3.184 seconds (JVM running for 6586.542)
29-07-2020 17:20:51.469 [restartedMain] INFO  c.h.p.p.ProductinfoApplication.logStarting - Starting ProductinfoApplication on Raj with PID 10304 (C:\Users\Rajesh R\Desktop\ProductInfo Feature1\ProductInfo\target\classes started by Rajesh R in C:\Users\Rajesh R\Desktop\ProductInfo Feature1\ProductInfo)
29-07-2020 17:20:51.471 [restartedMain] DEBUG c.h.p.p.ProductinfoApplication.logStarting - Running with Spring Boot v2.3.2.RELEASE, Spring v5.2.8.RELEASE
29-07-2020 17:20:51.471 [restartedMain] INFO  c.h.p.p.ProductinfoApplication.logStartupProfileInfo - No active profile set, falling back to default profiles: default
29-07-2020 17:20:54.831 [restartedMain] INFO  c.h.p.p.ProductinfoApplication.logStarted - Started ProductinfoApplication in 3.432 seconds (JVM running for 6752.701)
29-07-2020 17:21:30.611 [restartedMain] INFO  c.h.p.p.ProductinfoApplication.logStarting - Starting ProductinfoApplication on Raj with PID 10304 (C:\Users\Rajesh R\Desktop\ProductInfo Feature1\ProductInfo\target\classes started by Rajesh R in C:\Users\Rajesh R\Desktop\ProductInfo Feature1\ProductInfo)
29-07-2020 17:21:30.612 [restartedMain] DEBUG c.h.p.p.ProductinfoApplication.logStarting - Running with Spring Boot v2.3.2.RELEASE, Spring v5.2.8.RELEASE
29-07-2020 17:21:30.613 [restartedMain] INFO  c.h.p.p.ProductinfoApplication.logStartupProfileInfo - No active profile set, falling back to default profiles: default
29-07-2020 17:23:11.687 [restartedMain] INFO  c.h.p.p.ProductinfoApplication.logStarting - Starting ProductinfoApplication on Raj with PID 10304 (C:\Users\Rajesh R\Desktop\ProductInfo Feature1\ProductInfo\target\classes started by Rajesh R in C:\Users\Rajesh R\Desktop\ProductInfo Feature1\ProductInfo)
29-07-2020 17:23:11.688 [restartedMain] DEBUG c.h.p.p.ProductinfoApplication.logStarting - Running with Spring Boot v2.3.2.RELEASE, Spring v5.2.8.RELEASE
29-07-2020 17:23:11.688 [restartedMain] INFO  c.h.p.p.ProductinfoApplication.logStartupProfileInfo - No active profile set, falling back to default profiles: default
29-07-2020 17:23:15.213 [restartedMain] INFO  c.h.p.p.ProductinfoApplication.logStarted - Started ProductinfoApplication in 3.633 seconds (JVM running for 6893.083)
29-07-2020 17:23:21.467 [restartedMain] INFO  c.h.p.p.ProductinfoApplication.logStarting - Starting ProductinfoApplication on Raj with PID 10304 (C:\Users\Rajesh R\Desktop\ProductInfo Feature1\ProductInfo\target\classes started by Rajesh R in C:\Users\Rajesh R\Desktop\ProductInfo Feature1\ProductInfo)
29-07-2020 17:23:21.468 [restartedMain] DEBUG c.h.p.p.ProductinfoApplication.logStarting - Running with Spring Boot v2.3.2.RELEASE, Spring v5.2.8.RELEASE
29-07-2020 17:23:21.469 [restartedMain] INFO  c.h.p.p.ProductinfoApplication.logStartupProfileInfo - No active profile set, falling back to default profiles: default
29-07-2020 17:24:26.007 [restartedMain] INFO  c.h.p.p.ProductinfoApplication.logStarting - Starting ProductinfoApplication on Raj with PID 10304 (C:\Users\Rajesh R\Desktop\ProductInfo Feature1\ProductInfo\target\classes started by Rajesh R in C:\Users\Rajesh R\Desktop\ProductInfo Feature1\ProductInfo)
29-07-2020 17:24:26.009 [restartedMain] DEBUG c.h.p.p.ProductinfoApplication.logStarting - Running with Spring Boot v2.3.2.RELEASE, Spring v5.2.8.RELEASE
29-07-2020 17:24:26.010 [restartedMain] INFO  c.h.p.p.ProductinfoApplication.logStartupProfileInfo - No active profile set, falling back to default profiles: default
29-07-2020 17:25:11.084 [restartedMain] INFO  c.h.p.p.ProductinfoApplication.logStarting - Starting ProductinfoApplication on Raj with PID 10304 (C:\Users\Rajesh R\Desktop\ProductInfo Feature1\ProductInfo\target\classes started by Rajesh R in C:\Users\Rajesh R\Desktop\ProductInfo Feature1\ProductInfo)
29-07-2020 17:25:11.085 [restartedMain] DEBUG c.h.p.p.ProductinfoApplication.logStarting - Running with Spring Boot v2.3.2.RELEASE, Spring v5.2.8.RELEASE
29-07-2020 17:25:11.086 [restartedMain] INFO  c.h.p.p.ProductinfoApplication.logStartupProfileInfo - No active profile set, falling back to default profiles: default
29-07-2020 17:27:31.353 [restartedMain] INFO  c.h.p.p.ProductinfoApplication.logStarting - Starting ProductinfoApplication on Raj with PID 10304 (C:\Users\Rajesh R\Desktop\ProductInfo Feature1\ProductInfo\target\classes started by Rajesh R in C:\Users\Rajesh R\Desktop\ProductInfo Feature1\ProductInfo)
29-07-2020 17:27:31.354 [restartedMain] DEBUG c.h.p.p.ProductinfoApplication.logStarting - Running with Spring Boot v2.3.2.RELEASE, Spring v5.2.8.RELEASE
29-07-2020 17:27:31.354 [restartedMain] INFO  c.h.p.p.ProductinfoApplication.logStartupProfileInfo - No active profile set, falling back to default profiles: default
29-07-2020 17:28:09.640 [restartedMain] INFO  c.h.p.p.ProductinfoApplication.logStarting - Starting ProductinfoApplication on Raj with PID 10304 (C:\Users\Rajesh R\Desktop\ProductInfo Feature1\ProductInfo\target\classes started by Rajesh R in C:\Users\Rajesh R\Desktop\ProductInfo Feature1\ProductInfo)
29-07-2020 17:28:09.640 [restartedMain] DEBUG c.h.p.p.ProductinfoApplication.logStarting - Running with Spring Boot v2.3.2.RELEASE, Spring v5.2.8.RELEASE
29-07-2020 17:28:09.641 [restartedMain] INFO  c.h.p.p.ProductinfoApplication.logStartupProfileInfo - No active profile set, falling back to default profiles: default
29-07-2020 17:28:56.032 [restartedMain] INFO  c.h.p.p.ProductinfoApplication.logStarting - Starting ProductinfoApplication on Raj with PID 10304 (C:\Users\Rajesh R\Desktop\ProductInfo Feature1\ProductInfo\target\classes started by Rajesh R in C:\Users\Rajesh R\Desktop\ProductInfo Feature1\ProductInfo)
29-07-2020 17:28:56.033 [restartedMain] DEBUG c.h.p.p.ProductinfoApplication.logStarting - Running with Spring Boot v2.3.2.RELEASE, Spring v5.2.8.RELEASE
29-07-2020 17:28:56.034 [restartedMain] INFO  c.h.p.p.ProductinfoApplication.logStartupProfileInfo - No active profile set, falling back to default profiles: default
29-07-2020 17:29:23.908 [restartedMain] INFO  c.h.p.p.ProductinfoApplication.logStarting - Starting ProductinfoApplication on Raj with PID 10304 (C:\Users\Rajesh R\Desktop\ProductInfo Feature1\ProductInfo\target\classes started by Rajesh R in C:\Users\Rajesh R\Desktop\ProductInfo Feature1\ProductInfo)
29-07-2020 17:29:23.909 [restartedMain] DEBUG c.h.p.p.ProductinfoApplication.logStarting - Running with Spring Boot v2.3.2.RELEASE, Spring v5.2.8.RELEASE
29-07-2020 17:29:23.910 [restartedMain] INFO  c.h.p.p.ProductinfoApplication.logStartupProfileInfo - No active profile set, falling back to default profiles: default
29-07-2020 17:29:42.421 [restartedMain] INFO  c.h.p.p.ProductinfoApplication.logStarting - Starting ProductinfoApplication on Raj with PID 10304 (C:\Users\Rajesh R\Desktop\ProductInfo Feature1\ProductInfo\target\classes started by Rajesh R in C:\Users\Rajesh R\Desktop\ProductInfo Feature1\ProductInfo)
29-07-2020 17:29:42.422 [restartedMain] DEBUG c.h.p.p.ProductinfoApplication.logStarting - Running with Spring Boot v2.3.2.RELEASE, Spring v5.2.8.RELEASE
29-07-2020 17:29:42.423 [restartedMain] INFO  c.h.p.p.ProductinfoApplication.logStartupProfileInfo - No active profile set, falling back to default profiles: default
29-07-2020 17:30:53.189 [restartedMain] INFO  c.h.p.p.ProductinfoApplication.logStarting - Starting ProductinfoApplication on Raj with PID 10304 (C:\Users\Rajesh R\Desktop\ProductInfo Feature1\ProductInfo\target\classes started by Rajesh R in C:\Users\Rajesh R\Desktop\ProductInfo Feature1\ProductInfo)
29-07-2020 17:30:53.190 [restartedMain] DEBUG c.h.p.p.ProductinfoApplication.logStarting - Running with Spring Boot v2.3.2.RELEASE, Spring v5.2.8.RELEASE
29-07-2020 17:30:53.190 [restartedMain] INFO  c.h.p.p.ProductinfoApplication.logStartupProfileInfo - No active profile set, falling back to default profiles: default
29-07-2020 17:32:35.169 [restartedMain] INFO  c.h.p.p.ProductinfoApplication.logStarting - Starting ProductinfoApplication on Raj with PID 4992 (C:\Users\Rajesh R\Desktop\ProductInfo Feature1\ProductInfo\target\classes started by Rajesh R in C:\Users\Rajesh R\Desktop\ProductInfo Feature1\ProductInfo)
29-07-2020 17:32:35.182 [restartedMain] DEBUG c.h.p.p.ProductinfoApplication.logStarting - Running with Spring Boot v2.3.2.RELEASE, Spring v5.2.8.RELEASE
29-07-2020 17:32:35.184 [restartedMain] INFO  c.h.p.p.ProductinfoApplication.logStartupProfileInfo - No active profile set, falling back to default profiles: default
29-07-2020 17:34:34.695 [main] INFO  c.h.p.p.ProductinfoApplicationTests.logStarting - Starting ProductinfoApplicationTests on Raj with PID 6256 (started by Rajesh R in C:\Users\Rajesh R\Desktop\ProductInfo Feature1\ProductInfo)
29-07-2020 17:34:34.701 [main] DEBUG c.h.p.p.ProductinfoApplicationTests.logStarting - Running with Spring Boot v2.3.2.RELEASE, Spring v5.2.8.RELEASE
29-07-2020 17:34:34.703 [main] INFO  c.h.p.p.ProductinfoApplicationTests.logStartupProfileInfo - No active profile set, falling back to default profiles: default
29-07-2020 17:37:28.336 [main] INFO  c.h.p.p.ProductinfoApplicationTests.logStarting - Starting ProductinfoApplicationTests on Raj with PID 8504 (started by Rajesh R in C:\Users\Rajesh R\Desktop\ProductInfo Feature1\ProductInfo)
29-07-2020 17:37:28.346 [main] DEBUG c.h.p.p.ProductinfoApplicationTests.logStarting - Running with Spring Boot v2.3.2.RELEASE, Spring v5.2.8.RELEASE
29-07-2020 17:37:28.351 [main] INFO  c.h.p.p.ProductinfoApplicationTests.logStartupProfileInfo - No active profile set, falling back to default profiles: default
29-07-2020 17:37:48.702 [restartedMain] INFO  c.h.p.p.ProductinfoApplication.logStarting - Starting ProductinfoApplication on Raj with PID 9064 (C:\Users\Rajesh R\Desktop\ProductInfo Feature1\ProductInfo\target\classes started by Rajesh R in C:\Users\Rajesh R\Desktop\ProductInfo Feature1\ProductInfo)
29-07-2020 17:37:48.716 [restartedMain] DEBUG c.h.p.p.ProductinfoApplication.logStarting - Running with Spring Boot v2.3.2.RELEASE, Spring v5.2.8.RELEASE
29-07-2020 17:37:48.718 [restartedMain] INFO  c.h.p.p.ProductinfoApplication.logStartupProfileInfo - No active profile set, falling back to default profiles: default
29-07-2020 17:42:36.015 [restartedMain] INFO  c.h.p.p.ProductinfoApplication.logStarting - Starting ProductinfoApplication on Raj with PID 10808 (C:\Users\Rajesh R\Desktop\ProductInfo Feature1\ProductInfo\target\classes started by Rajesh R in C:\Users\Rajesh R\Desktop\ProductInfo Feature1\ProductInfo)
29-07-2020 17:42:36.025 [restartedMain] DEBUG c.h.p.p.ProductinfoApplication.logStarting - Running with Spring Boot v2.3.2.RELEASE, Spring v5.2.8.RELEASE
29-07-2020 17:42:36.026 [restartedMain] INFO  c.h.p.p.ProductinfoApplication.logStartupProfileInfo - No active profile set, falling back to default profiles: default
29-07-2020 17:44:22.478 [restartedMain] INFO  c.h.p.p.ProductinfoApplication.logStarting - Starting ProductinfoApplication on Raj with PID 9580 (C:\Users\Rajesh R\Desktop\ProductInfo Feature1\ProductInfo\target\classes started by Rajesh R in C:\Users\Rajesh R\Desktop\ProductInfo Feature1\ProductInfo)
29-07-2020 17:44:22.490 [restartedMain] DEBUG c.h.p.p.ProductinfoApplication.logStarting - Running with Spring Boot v2.3.2.RELEASE, Spring v5.2.8.RELEASE
29-07-2020 17:44:22.492 [restartedMain] INFO  c.h.p.p.ProductinfoApplication.logStartupProfileInfo - No active profile set, falling back to default profiles: default
29-07-2020 17:46:43.759 [restartedMain] INFO  c.h.p.p.ProductinfoApplication.logStarting - Starting ProductinfoApplication on Raj with PID 7008 (C:\Users\Rajesh R\Desktop\ProductInfo Feature1\ProductInfo\target\classes started by Rajesh R in C:\Users\Rajesh R\Desktop\ProductInfo Feature1\ProductInfo)
29-07-2020 17:46:43.772 [restartedMain] DEBUG c.h.p.p.ProductinfoApplication.logStarting - Running with Spring Boot v2.3.2.RELEASE, Spring v5.2.8.RELEASE
29-07-2020 17:46:43.775 [restartedMain] INFO  c.h.p.p.ProductinfoApplication.logStartupProfileInfo - No active profile set, falling back to default profiles: default
29-07-2020 17:46:56.420 [restartedMain] INFO  c.h.p.p.ProductinfoApplication.logStarted - Started ProductinfoApplication in 15.268 seconds (JVM running for 18.229)
29-07-2020 17:47:30.617 [http-nio-7778-exec-4] INFO  c.h.p.p.service.ProductService.orderDetails - In ProductService orderDetails api : 
29-07-2020 17:47:54.350 [http-nio-7778-exec-7] INFO  c.h.p.p.service.ProductService.orderDetails - In ProductService orderDetails api : 
29-07-2020 17:48:09.971 [http-nio-7778-exec-9] INFO  c.h.p.p.service.ProductService.orderDetails - In ProductService orderDetails api : 
29-07-2020 17:51:11.308 [restartedMain] INFO  c.h.p.p.ProductinfoApplication.logStarting - Starting ProductinfoApplication on Raj with PID 7008 (C:\Users\Rajesh R\Desktop\ProductInfo Feature1\ProductInfo\target\classes started by Rajesh R in C:\Users\Rajesh R\Desktop\ProductInfo Feature1\ProductInfo)
29-07-2020 17:51:11.339 [restartedMain] DEBUG c.h.p.p.ProductinfoApplication.logStarting - Running with Spring Boot v2.3.2.RELEASE, Spring v5.2.8.RELEASE
29-07-2020 17:51:11.340 [restartedMain] INFO  c.h.p.p.ProductinfoApplication.logStartupProfileInfo - No active profile set, falling back to default profiles: default
29-07-2020 17:51:16.410 [restartedMain] INFO  c.h.p.p.ProductinfoApplication.logStarted - Started ProductinfoApplication in 5.389 seconds (JVM running for 278.219)
29-07-2020 17:51:18.910 [restartedMain] INFO  c.h.p.p.ProductinfoApplication.logStarting - Starting ProductinfoApplication on Raj with PID 7008 (C:\Users\Rajesh R\Desktop\ProductInfo Feature1\ProductInfo\target\classes started by Rajesh R in C:\Users\Rajesh R\Desktop\ProductInfo Feature1\ProductInfo)
29-07-2020 17:51:18.928 [restartedMain] DEBUG c.h.p.p.ProductinfoApplication.logStarting - Running with Spring Boot v2.3.2.RELEASE, Spring v5.2.8.RELEASE
29-07-2020 17:51:18.939 [restartedMain] INFO  c.h.p.p.ProductinfoApplication.logStartupProfileInfo - No active profile set, falling back to default profiles: default
29-07-2020 17:51:29.656 [main] INFO  c.h.p.p.ProductinfoApplicationTests.logStarting - Starting ProductinfoApplicationTests on Raj with PID 1084 (started by Rajesh R in C:\Users\Rajesh R\Desktop\ProductInfo Feature1\ProductInfo)
29-07-2020 17:51:29.703 [main] DEBUG c.h.p.p.ProductinfoApplicationTests.logStarting - Running with Spring Boot v2.3.2.RELEASE, Spring v5.2.8.RELEASE
29-07-2020 17:51:29.715 [main] INFO  c.h.p.p.ProductinfoApplicationTests.logStartupProfileInfo - No active profile set, falling back to default profiles: default
29-07-2020 17:51:32.542 [restartedMain] INFO  c.h.p.p.ProductinfoApplication.logStarted - Started ProductinfoApplication in 13.931 seconds (JVM running for 294.351)
29-07-2020 17:51:51.006 [main] INFO  c.h.p.p.ProductinfoApplicationTests.logStarted - Started ProductinfoApplicationTests in 23.868 seconds (JVM running for 32.145)
29-07-2020 17:53:19.628 [http-nio-7778-exec-1] INFO  c.h.p.p.service.ProductService.orderDetails - In ProductService orderDetails api : 
29-07-2020 17:53:27.151 [http-nio-7778-exec-2] INFO  c.h.p.p.service.ProductService.orderDetails - In ProductService orderDetails api : 
29-07-2020 17:53:34.060 [http-nio-7778-exec-3] INFO  c.h.p.p.service.ProductService.orderDetails - In ProductService orderDetails api : 
29-07-2020 17:54:43.096 [restartedMain] INFO  c.h.p.p.ProductinfoApplication.logStarting - Starting ProductinfoApplication on Raj with PID 7008 (C:\Users\Rajesh R\Desktop\ProductInfo Feature1\ProductInfo\target\classes started by Rajesh R in C:\Users\Rajesh R\Desktop\ProductInfo Feature1\ProductInfo)
29-07-2020 17:54:43.098 [restartedMain] DEBUG c.h.p.p.ProductinfoApplication.logStarting - Running with Spring Boot v2.3.2.RELEASE, Spring v5.2.8.RELEASE
29-07-2020 17:54:43.099 [restartedMain] INFO  c.h.p.p.ProductinfoApplication.logStartupProfileInfo - No active profile set, falling back to default profiles: default
29-07-2020 17:54:47.416 [restartedMain] INFO  c.h.p.p.ProductinfoApplication.logStarted - Started ProductinfoApplication in 4.509 seconds (JVM running for 489.225)
29-07-2020 17:54:59.972 [restartedMain] INFO  c.h.p.p.ProductinfoApplication.logStarting - Starting ProductinfoApplication on Raj with PID 7008 (C:\Users\Rajesh R\Desktop\ProductInfo Feature1\ProductInfo\target\classes started by Rajesh R in C:\Users\Rajesh R\Desktop\ProductInfo Feature1\ProductInfo)
29-07-2020 17:54:59.974 [restartedMain] DEBUG c.h.p.p.ProductinfoApplication.logStarting - Running with Spring Boot v2.3.2.RELEASE, Spring v5.2.8.RELEASE
29-07-2020 17:54:59.975 [restartedMain] INFO  c.h.p.p.ProductinfoApplication.logStartupProfileInfo - No active profile set, falling back to default profiles: default
29-07-2020 17:55:03.332 [restartedMain] INFO  c.h.p.p.ProductinfoApplication.logStarted - Started ProductinfoApplication in 3.49 seconds (JVM running for 505.141)
29-07-2020 17:55:05.131 [restartedMain] INFO  c.h.p.p.ProductinfoApplication.logStarting - Starting ProductinfoApplication on Raj with PID 7008 (C:\Users\Rajesh R\Desktop\ProductInfo Feature1\ProductInfo\target\classes started by Rajesh R in C:\Users\Rajesh R\Desktop\ProductInfo Feature1\ProductInfo)
29-07-2020 17:55:05.158 [restartedMain] DEBUG c.h.p.p.ProductinfoApplication.logStarting - Running with Spring Boot v2.3.2.RELEASE, Spring v5.2.8.RELEASE
29-07-2020 17:55:05.158 [restartedMain] INFO  c.h.p.p.ProductinfoApplication.logStartupProfileInfo - No active profile set, falling back to default profiles: default
29-07-2020 17:55:13.978 [restartedMain] INFO  c.h.p.p.ProductinfoApplication.logStarted - Started ProductinfoApplication in 8.943 seconds (JVM running for 515.786)
29-07-2020 17:55:14.493 [http-nio-7778-exec-1] INFO  c.h.p.p.controller.ProductController.searchProduct - In ProductController searchProduct api : 
29-07-2020 17:55:14.496 [http-nio-7778-exec-1] INFO  c.h.p.p.service.ProductService.searchProduct - In ProductService searchProduct api : 
29-07-2020 17:55:18.678 [main] INFO  c.h.p.p.ProductinfoApplicationTests.logStarting - Starting ProductinfoApplicationTests on Raj with PID 8888 (started by Rajesh R in C:\Users\Rajesh R\Desktop\ProductInfo Feature1\ProductInfo)
29-07-2020 17:55:18.682 [main] DEBUG c.h.p.p.ProductinfoApplicationTests.logStarting - Running with Spring Boot v2.3.2.RELEASE, Spring v5.2.8.RELEASE
29-07-2020 17:55:18.690 [main] INFO  c.h.p.p.ProductinfoApplicationTests.logStartupProfileInfo - No active profile set, falling back to default profiles: default
29-07-2020 17:55:21.358 [http-nio-7778-exec-2] INFO  c.h.p.p.controller.ProductController.searchProduct - In ProductController searchProduct api : 
29-07-2020 17:55:21.360 [http-nio-7778-exec-2] INFO  c.h.p.p.service.ProductService.searchProduct - In ProductService searchProduct api : 
29-07-2020 17:55:29.145 [http-nio-7778-exec-3] INFO  c.h.p.p.service.ProductService.orderDetails - In ProductService orderDetails api : 
29-07-2020 17:55:33.668 [http-nio-7778-exec-5] INFO  c.h.p.p.service.ProductService.orderDetails - In ProductService orderDetails api : 
29-07-2020 17:55:41.114 [main] INFO  c.h.p.p.ProductinfoApplicationTests.logStarted - Started ProductinfoApplicationTests in 24.668 seconds (JVM running for 34.401)
29-07-2020 17:57:36.690 [restartedMain] INFO  c.h.p.p.ProductinfoApplication.logStarting - Starting ProductinfoApplication on Raj with PID 7008 (C:\Users\Rajesh R\Desktop\ProductInfo Feature1\ProductInfo\target\classes started by Rajesh R in C:\Users\Rajesh R\Desktop\ProductInfo Feature1\ProductInfo)
29-07-2020 17:57:36.691 [restartedMain] DEBUG c.h.p.p.ProductinfoApplication.logStarting - Running with Spring Boot v2.3.2.RELEASE, Spring v5.2.8.RELEASE
29-07-2020 17:57:36.692 [restartedMain] INFO  c.h.p.p.ProductinfoApplication.logStartupProfileInfo - No active profile set, falling back to default profiles: default
29-07-2020 17:57:39.639 [restartedMain] INFO  c.h.p.p.ProductinfoApplication.logStarted - Started ProductinfoApplication in 3.044 seconds (JVM running for 661.448)
29-07-2020 17:58:21.416 [restartedMain] INFO  c.h.p.p.ProductinfoApplication.logStarting - Starting ProductinfoApplication on Raj with PID 7008 (C:\Users\Rajesh R\Desktop\ProductInfo Feature1\ProductInfo\target\classes started by Rajesh R in C:\Users\Rajesh R\Desktop\ProductInfo Feature1\ProductInfo)
29-07-2020 17:58:21.417 [restartedMain] DEBUG c.h.p.p.ProductinfoApplication.logStarting - Running with Spring Boot v2.3.2.RELEASE, Spring v5.2.8.RELEASE
29-07-2020 17:58:21.418 [restartedMain] INFO  c.h.p.p.ProductinfoApplication.logStartupProfileInfo - No active profile set, falling back to default profiles: default
29-07-2020 17:58:24.264 [restartedMain] INFO  c.h.p.p.ProductinfoApplication.logStarted - Started ProductinfoApplication in 2.947 seconds (JVM running for 706.072)
29-07-2020 18:00:59.429 [restartedMain] INFO  c.h.p.p.ProductinfoApplication.logStarting - Starting ProductinfoApplication on Raj with PID 7008 (C:\Users\Rajesh R\Desktop\ProductInfo Feature1\ProductInfo\target\classes started by Rajesh R in C:\Users\Rajesh R\Desktop\ProductInfo Feature1\ProductInfo)
29-07-2020 18:00:59.430 [restartedMain] DEBUG c.h.p.p.ProductinfoApplication.logStarting - Running with Spring Boot v2.3.2.RELEASE, Spring v5.2.8.RELEASE
29-07-2020 18:00:59.431 [restartedMain] INFO  c.h.p.p.ProductinfoApplication.logStartupProfileInfo - No active profile set, falling back to default profiles: default
29-07-2020 18:01:03.685 [restartedMain] INFO  c.h.p.p.ProductinfoApplication.logStarted - Started ProductinfoApplication in 4.361 seconds (JVM running for 865.494)
29-07-2020 18:01:11.003 [restartedMain] INFO  c.h.p.p.ProductinfoApplication.logStarting - Starting ProductinfoApplication on Raj with PID 7008 (C:\Users\Rajesh R\Desktop\ProductInfo Feature1\ProductInfo\target\classes started by Rajesh R in C:\Users\Rajesh R\Desktop\ProductInfo Feature1\ProductInfo)
29-07-2020 18:01:11.004 [restartedMain] DEBUG c.h.p.p.ProductinfoApplication.logStarting - Running with Spring Boot v2.3.2.RELEASE, Spring v5.2.8.RELEASE
29-07-2020 18:01:11.005 [restartedMain] INFO  c.h.p.p.ProductinfoApplication.logStartupProfileInfo - No active profile set, falling back to default profiles: default
29-07-2020 18:01:14.956 [restartedMain] INFO  c.h.p.p.ProductinfoApplication.logStarted - Started ProductinfoApplication in 4.115 seconds (JVM running for 876.765)
29-07-2020 18:01:36.441 [restartedMain] INFO  c.h.p.p.ProductinfoApplication.logStarting - Starting ProductinfoApplication on Raj with PID 7008 (C:\Users\Rajesh R\Desktop\ProductInfo Feature1\ProductInfo\target\classes started by Rajesh R in C:\Users\Rajesh R\Desktop\ProductInfo Feature1\ProductInfo)
29-07-2020 18:01:36.442 [restartedMain] DEBUG c.h.p.p.ProductinfoApplication.logStarting - Running with Spring Boot v2.3.2.RELEASE, Spring v5.2.8.RELEASE
29-07-2020 18:01:36.443 [restartedMain] INFO  c.h.p.p.ProductinfoApplication.logStartupProfileInfo - No active profile set, falling back to default profiles: default
29-07-2020 18:01:40.074 [restartedMain] INFO  c.h.p.p.ProductinfoApplication.logStarted - Started ProductinfoApplication in 3.751 seconds (JVM running for 901.883)
29-07-2020 18:04:32.822 [restartedMain] INFO  c.h.p.p.ProductinfoApplication.logStarting - Starting ProductinfoApplication on Raj with PID 7008 (C:\Users\Rajesh R\Desktop\ProductInfo Feature1\ProductInfo\target\classes started by Rajesh R in C:\Users\Rajesh R\Desktop\ProductInfo Feature1\ProductInfo)
29-07-2020 18:04:32.823 [restartedMain] DEBUG c.h.p.p.ProductinfoApplication.logStarting - Running with Spring Boot v2.3.2.RELEASE, Spring v5.2.8.RELEASE
29-07-2020 18:04:32.824 [restartedMain] INFO  c.h.p.p.ProductinfoApplication.logStartupProfileInfo - No active profile set, falling back to default profiles: default
29-07-2020 18:04:36.550 [restartedMain] INFO  c.h.p.p.ProductinfoApplication.logStarted - Started ProductinfoApplication in 3.883 seconds (JVM running for 1078.359)
29-07-2020 18:53:00.818 [http-nio-7778-exec-1] INFO  c.h.p.p.service.ProductService.orderDetails - In ProductService orderDetails api : 
29-07-2020 20:05:19.902 [http-nio-7778-exec-2] INFO  c.h.p.p.service.ProductService.orderDetails - In ProductService orderDetails api : 
29-07-2020 20:05:24.569 [http-nio-7778-exec-8] INFO  c.h.p.p.service.ProductService.orderDetails - In ProductService orderDetails api : 
29-07-2020 20:21:46.072 [http-nio-7778-exec-6] INFO  c.h.p.p.controller.ProductController.searchProduct - In ProductController searchProduct api : 
29-07-2020 20:21:46.073 [http-nio-7778-exec-6] INFO  c.h.p.p.service.ProductService.searchProduct - In ProductService searchProduct api : 
29-07-2020 20:37:36.281 [http-nio-7778-exec-1] INFO  c.h.p.p.service.ProductService.orderDetails - In ProductService orderDetails api : 
29-07-2020 20:54:36.053 [http-nio-7778-exec-4] INFO  c.h.p.p.controller.ProductController.searchProduct - In ProductController searchProduct api : 
29-07-2020 20:54:36.075 [http-nio-7778-exec-4] INFO  c.h.p.p.service.ProductService.searchProduct - In ProductService searchProduct api : 
29-07-2020 21:59:11.517 [http-nio-7778-exec-5] INFO  c.h.p.p.controller.ProductController.searchProduct - In ProductController searchProduct api : 
29-07-2020 21:59:11.562 [http-nio-7778-exec-5] INFO  c.h.p.p.service.ProductService.searchProduct - In ProductService searchProduct api : 
29-07-2020 21:59:52.315 [http-nio-7778-exec-3] INFO  c.h.p.p.controller.ProductController.searchProduct - In ProductController searchProduct api : 
29-07-2020 21:59:52.316 [http-nio-7778-exec-3] INFO  c.h.p.p.service.ProductService.searchProduct - In ProductService searchProduct api : 
29-07-2020 22:00:08.833 [http-nio-7778-exec-9] INFO  c.h.p.p.service.ProductService.orderDetails - In ProductService orderDetails api : 
29-07-2020 22:00:29.022 [http-nio-7778-exec-7] INFO  c.h.p.p.service.ProductService.orderDetails - In ProductService orderDetails api : 
